# JRE version: OpenJDK Runtime Environment Temurin-17.0.6+10 (17.0.6+10) (build 17.0.6+10)
# Java VM: OpenJDK 64-Bit Server VM Temurin-17.0.6+10 (17.0.6+10, mixed mode, tiered, compressed oops, compressed class ptrs, parallel gc, windows-amd64)
GC Precious Log:
 CPUs: 8 total, 8 available
 Memory: 16336M
 Large Page Support: Disabled
 NUMA Support: Disabled
 Compressed Oops: Enabled (32-bit)
 Alignments: Space 512K, Generation 512K, Heap 2M
 Heap Min Capacity: 100M
 Heap Initial Capacity: 100M
 Heap Max Capacity: 1G
 Pre-touch: Disabled
 Parallel Workers: 8
Heap:
 PSYoungGen      total 5120K, used 484K [0x00000000eab00000, 0x00000000eb280000, 0x0000000100000000)
  eden space 4608K, 0% used [0x00000000eab00000,0x00000000eab00000,0x00000000eaf80000)
  from space 512K, 94% used [0x00000000eb000000,0x00000000eb079210,0x00000000eb080000)
  to   space 1536K, 0% used [0x00000000eb100000,0x00000000eb100000,0x00000000eb280000)
 ParOldGen       total 139264K, used 138799K [0x00000000c0000000, 0x00000000c8800000, 0x00000000eab00000)
  object space 139264K, 99% used [0x00000000c0000000,0x00000000c878bc50,0x00000000c8800000)
 Metaspace       used 88833K, committed 90048K, reserved 1130496K
  class space    used 8668K, committed 9216K, reserved 1048576K
GC Heap History (20 events):
Event: 6134.214 GC heap after
{Heap after GC invocations=2871 (full 67):
 PSYoungGen      total 6144K, used 906K [0x00000000eab00000, 0x00000000eb280000, 0x0000000100000000)
  eden space 5120K, 0% used [0x00000000eab00000,0x00000000eab00000,0x00000000eb000000)
  from space 1024K, 88% used [0x00000000eb180000,0x00000000eb262910,0x00000000eb280000)
  to   space 1024K, 0% used [0x00000000eb080000,0x00000000eb080000,0x00000000eb180000)
 ParOldGen       total 139264K, used 127561K [0x00000000c0000000, 0x00000000c8800000, 0x00000000eab00000)
  object space 139264K, 91% used [0x00000000c0000000,0x00000000c7c92450,0x00000000c8800000)
 Metaspace       used 88824K, committed 90048K, reserved 1130496K
  class space    used 8668K, committed 9216K, reserved 1048576K
}
Event: 6134.226 GC heap before
{Heap before GC invocations=2872 (full 67):
 PSYoungGen      total 6144K, used 6026K [0x00000000eab00000, 0x00000000eb280000, 0x0000000100000000)
  eden space 5120K, 100% used [0x00000000eab00000,0x00000000eb000000,0x00000000eb000000)
  from space 1024K, 88% used [0x00000000eb180000,0x00000000eb262910,0x00000000eb280000)
  to   space 1024K, 0% used [0x00000000eb080000,0x00000000eb080000,0x00000000eb180000)
 ParOldGen       total 139264K, used 127561K [0x00000000c0000000, 0x00000000c8800000, 0x00000000eab00000)
  object space 139264K, 91% used [0x00000000c0000000,0x00000000c7c92450,0x00000000c8800000)
 Metaspace       used 88824K, committed 90048K, reserved 1130496K
  class space    used 8668K, committed 9216K, reserved 1048576K
}
Event: 6134.228 GC heap after
{Heap after GC invocations=2872 (full 67):
 PSYoungGen      total 6144K, used 954K [0x00000000eab00000, 0x00000000eb200000, 0x0000000100000000)
  eden space 5120K, 0% used [0x00000000eab00000,0x00000000eab00000,0x00000000eb000000)
  from space 1024K, 93% used [0x00000000eb080000,0x00000000eb16e900,0x00000000eb180000)
  to   space 512K, 0% used [0x00000000eb180000,0x00000000eb180000,0x00000000eb200000)
 ParOldGen       total 139264K, used 128397K [0x00000000c0000000, 0x00000000c8800000, 0x00000000eab00000)
  object space 139264K, 92% used [0x00000000c0000000,0x00000000c7d63670,0x00000000c8800000)
 Metaspace       used 88824K, committed 90048K, reserved 1130496K
  class space    used 8668K, committed 9216K, reserved 1048576K
}
Event: 6134.481 GC heap before
{Heap before GC invocations=2873 (full 67):
 PSYoungGen      total 6144K, used 6074K [0x00000000eab00000, 0x00000000eb200000, 0x0000000100000000)
  eden space 5120K, 100% used [0x00000000eab00000,0x00000000eb000000,0x00000000eb000000)
  from space 1024K, 93% used [0x00000000eb080000,0x00000000eb16e900,0x00000000eb180000)
  to   space 512K, 0% used [0x00000000eb180000,0x00000000eb180000,0x00000000eb200000)
 ParOldGen       total 139264K, used 128397K [0x00000000c0000000, 0x00000000c8800000, 0x00000000eab00000)
  object space 139264K, 92% used [0x00000000c0000000,0x00000000c7d63670,0x00000000c8800000)
 Metaspace       used 88827K, committed 90048K, reserved 1130496K
  class space    used 8668K, committed 9216K, reserved 1048576K
}
Event: 6134.484 GC heap after
{Heap after GC invocations=2873 (full 67):
 PSYoungGen      total 2560K, used 500K [0x00000000eab00000, 0x00000000eb900000, 0x0000000100000000)
  eden space 2048K, 0% used [0x00000000eab00000,0x00000000eab00000,0x00000000ead00000)
  from space 512K, 97% used [0x00000000eb180000,0x00000000eb1fd200,0x00000000eb200000)
  to   space 4608K, 0% used [0x00000000ead00000,0x00000000ead00000,0x00000000eb180000)
 ParOldGen       total 139264K, used 131917K [0x00000000c0000000, 0x00000000c8800000, 0x00000000eab00000)
  object space 139264K, 94% used [0x00000000c0000000,0x00000000c80d3520,0x00000000c8800000)
 Metaspace       used 88827K, committed 90048K, reserved 1130496K
  class space    used 8668K, committed 9216K, reserved 1048576K
}
Event: 6134.488 GC heap before
{Heap before GC invocations=2874 (full 67):
 PSYoungGen      total 2560K, used 2548K [0x00000000eab00000, 0x00000000eb900000, 0x0000000100000000)
  eden space 2048K, 100% used [0x00000000eab00000,0x00000000ead00000,0x00000000ead00000)
  from space 512K, 97% used [0x00000000eb180000,0x00000000eb1fd200,0x00000000eb200000)
  to   space 4608K, 0% used [0x00000000ead00000,0x00000000ead00000,0x00000000eb180000)
 ParOldGen       total 139264K, used 131917K [0x00000000c0000000, 0x00000000c8800000, 0x00000000eab00000)
  object space 139264K, 94% used [0x00000000c0000000,0x00000000c80d3520,0x00000000c8800000)
 Metaspace       used 88827K, committed 90048K, reserved 1130496K
  class space    used 8668K, committed 9216K, reserved 1048576K
}
Event: 6134.492 GC heap after
{Heap after GC invocations=2874 (full 67):
 PSYoungGen      total 4608K, used 2144K [0x00000000eab00000, 0x00000000eb380000, 0x0000000100000000)
  eden space 2048K, 0% used [0x00000000eab00000,0x00000000eab00000,0x00000000ead00000)
  from space 2560K, 83% used [0x00000000ead00000,0x00000000eaf18000,0x00000000eaf80000)
  to   space 3072K, 0% used [0x00000000eb080000,0x00000000eb080000,0x00000000eb380000)
 ParOldGen       total 139264K, used 132449K [0x00000000c0000000, 0x00000000c8800000, 0x00000000eab00000)
  object space 139264K, 95% used [0x00000000c0000000,0x00000000c8158720,0x00000000c8800000)
 Metaspace       used 88827K, committed 90048K, reserved 1130496K
  class space    used 8668K, committed 9216K, reserved 1048576K
}
Event: 6134.496 GC heap before
{Heap before GC invocations=2875 (full 67):
 PSYoungGen      total 4608K, used 4192K [0x00000000eab00000, 0x00000000eb380000, 0x0000000100000000)
  eden space 2048K, 100% used [0x00000000eab00000,0x00000000ead00000,0x00000000ead00000)
  from space 2560K, 83% used [0x00000000ead00000,0x00000000eaf18000,0x00000000eaf80000)
  to   space 3072K, 0% used [0x00000000eb080000,0x00000000eb080000,0x00000000eb380000)
 ParOldGen       total 139264K, used 132449K [0x00000000c0000000, 0x00000000c8800000, 0x00000000eab00000)
  object space 139264K, 95% used [0x00000000c0000000,0x00000000c8158720,0x00000000c8800000)
 Metaspace       used 88827K, committed 90048K, reserved 1130496K
  class space    used 8668K, committed 9216K, reserved 1048576K
}
Event: 6134.502 GC heap after
{Heap after GC invocations=2875 (full 67):
 PSYoungGen      total 5120K, used 2144K [0x00000000eab00000, 0x00000000eb300000, 0x0000000100000000)
  eden space 2560K, 0% used [0x00000000eab00000,0x00000000eab00000,0x00000000ead80000)
  from space 2560K, 83% used [0x00000000eb080000,0x00000000eb298000,0x00000000eb300000)
  to   space 2560K, 0% used [0x00000000eae00000,0x00000000eae00000,0x00000000eb080000)
 ParOldGen       total 139264K, used 134513K [0x00000000c0000000, 0x00000000c8800000, 0x00000000eab00000)
  object space 139264K, 96% used [0x00000000c0000000,0x00000000c835c720,0x00000000c8800000)
 Metaspace       used 88827K, committed 90048K, reserved 1130496K
  class space    used 8668K, committed 9216K, reserved 1048576K
}
Event: 6134.507 GC heap before
{Heap before GC invocations=2876 (full 67):
 PSYoungGen      total 5120K, used 4704K [0x00000000eab00000, 0x00000000eb300000, 0x0000000100000000)
  eden space 2560K, 100% used [0x00000000eab00000,0x00000000ead80000,0x00000000ead80000)
  from space 2560K, 83% used [0x00000000eb080000,0x00000000eb298000,0x00000000eb300000)
  to   space 2560K, 0% used [0x00000000eae00000,0x00000000eae00000,0x00000000eb080000)
 ParOldGen       total 139264K, used 134513K [0x00000000c0000000, 0x00000000c8800000, 0x00000000eab00000)
  object space 139264K, 96% used [0x00000000c0000000,0x00000000c835c720,0x00000000c8800000)
 Metaspace       used 88830K, committed 90048K, reserved 1130496K
  class space    used 8668K, committed 9216K, reserved 1048576K
}
Event: 6134.511 GC heap after
{Heap after GC invocations=2876 (full 67):
 PSYoungGen      total 4096K, used 762K [0x00000000eab00000, 0x00000000eb100000, 0x0000000100000000)
  eden space 3072K, 0% used [0x00000000eab00000,0x00000000eab00000,0x00000000eae00000)
  from space 1024K, 74% used [0x00000000eae00000,0x00000000eaebe900,0x00000000eaf00000)
  to   space 1536K, 0% used [0x00000000eaf80000,0x00000000eaf80000,0x00000000eb100000)
 ParOldGen       total 139264K, used 136577K [0x00000000c0000000, 0x00000000c8800000, 0x00000000eab00000)
  object space 139264K, 98% used [0x00000000c0000000,0x00000000c8560720,0x00000000c8800000)
 Metaspace       used 88830K, committed 90048K, reserved 1130496K
  class space    used 8668K, committed 9216K, reserved 1048576K
}
Event: 6134.517 GC heap before
{Heap before GC invocations=2877 (full 67):
 PSYoungGen      total 4096K, used 3834K [0x00000000eab00000, 0x00000000eb100000, 0x0000000100000000)
  eden space 3072K, 100% used [0x00000000eab00000,0x00000000eae00000,0x00000000eae00000)
  from space 1024K, 74% used [0x00000000eae00000,0x00000000eaebe900,0x00000000eaf00000)
  to   space 1536K, 0% used [0x00000000eaf80000,0x00000000eaf80000,0x00000000eb100000)
 ParOldGen       total 139264K, used 136577K [0x00000000c0000000, 0x00000000c8800000, 0x00000000eab00000)
  object space 139264K, 98% used [0x00000000c0000000,0x00000000c8560720,0x00000000c8800000)
 Metaspace       used 88830K, committed 90048K, reserved 1130496K
  class space    used 8668K, committed 9216K, reserved 1048576K
}
Event: 6134.519 GC heap after
{Heap after GC invocations=2877 (full 67):
 PSYoungGen      total 5120K, used 448K [0x00000000eab00000, 0x00000000eb100000, 0x0000000100000000)
  eden space 3584K, 0% used [0x00000000eab00000,0x00000000eab00000,0x00000000eae80000)
  from space 1536K, 29% used [0x00000000eaf80000,0x00000000eaff0000,0x00000000eb100000)
  to   space 1024K, 0% used [0x00000000eae80000,0x00000000eae80000,0x00000000eaf80000)
 ParOldGen       total 139264K, used 137234K [0x00000000c0000000, 0x00000000c8800000, 0x00000000eab00000)
  object space 139264K, 98% used [0x00000000c0000000,0x00000000c8604930,0x00000000c8800000)
 Metaspace       used 88830K, committed 90048K, reserved 1130496K
  class space    used 8668K, committed 9216K, reserved 1048576K
}
Event: 6134.525 GC heap before
{Heap before GC invocations=2878 (full 67):
 PSYoungGen      total 5120K, used 4032K [0x00000000eab00000, 0x00000000eb100000, 0x0000000100000000)
  eden space 3584K, 100% used [0x00000000eab00000,0x00000000eae80000,0x00000000eae80000)
  from space 1536K, 29% used [0x00000000eaf80000,0x00000000eaff0000,0x00000000eb100000)
  to   space 1024K, 0% used [0x00000000eae80000,0x00000000eae80000,0x00000000eaf80000)
 ParOldGen       total 139264K, used 137234K [0x00000000c0000000, 0x00000000c8800000, 0x00000000eab00000)
  object space 139264K, 98% used [0x00000000c0000000,0x00000000c8604930,0x00000000c8800000)
 Metaspace       used 88830K, committed 90048K, reserved 1130496K
  class space    used 8668K, committed 9216K, reserved 1048576K
}
Event: 6134.526 GC heap after
{Heap after GC invocations=2878 (full 67):
 PSYoungGen      total 4608K, used 580K [0x00000000eab00000, 0x00000000eb180000, 0x0000000100000000)
  eden space 3584K, 0% used [0x00000000eab00000,0x00000000eab00000,0x00000000eae80000)
  from space 1024K, 56% used [0x00000000eae80000,0x00000000eaf11210,0x00000000eaf80000)
  to   space 1024K, 0% used [0x00000000eb080000,0x00000000eb080000,0x00000000eb180000)
 ParOldGen       total 139264K, used 137594K [0x00000000c0000000, 0x00000000c8800000, 0x00000000eab00000)
  object space 139264K, 98% used [0x00000000c0000000,0x00000000c865e930,0x00000000c8800000)
 Metaspace       used 88830K, committed 90048K, reserved 1130496K
  class space    used 8668K, committed 9216K, reserved 1048576K
}
Event: 6134.533 GC heap before
{Heap before GC invocations=2879 (full 67):
 PSYoungGen      total 4608K, used 4164K [0x00000000eab00000, 0x00000000eb180000, 0x0000000100000000)
  eden space 3584K, 100% used [0x00000000eab00000,0x00000000eae80000,0x00000000eae80000)
  from space 1024K, 56% used [0x00000000eae80000,0x00000000eaf11210,0x00000000eaf80000)
  to   space 1024K, 0% used [0x00000000eb080000,0x00000000eb080000,0x00000000eb180000)
 ParOldGen       total 139264K, used 137594K [0x00000000c0000000, 0x00000000c8800000, 0x00000000eab00000)
  object space 139264K, 98% used [0x00000000c0000000,0x00000000c865e930,0x00000000c8800000)
 Metaspace       used 88830K, committed 90048K, reserved 1130496K
  class space    used 8668K, committed 9216K, reserved 1048576K
}
Event: 6134.534 GC heap after
{Heap after GC invocations=2879 (full 67):
 PSYoungGen      total 5120K, used 448K [0x00000000eab00000, 0x00000000eb100000, 0x0000000100000000)
  eden space 4608K, 0% used [0x00000000eab00000,0x00000000eab00000,0x00000000eaf80000)
  from space 512K, 87% used [0x00000000eb080000,0x00000000eb0f0000,0x00000000eb100000)
  to   space 512K, 0% used [0x00000000eb000000,0x00000000eb000000,0x00000000eb080000)
 ParOldGen       total 139264K, used 138065K [0x00000000c0000000, 0x00000000c8800000, 0x00000000eab00000)
  object space 139264K, 99% used [0x00000000c0000000,0x00000000c86d4660,0x00000000c8800000)
 Metaspace       used 88830K, committed 90048K, reserved 1130496K
  class space    used 8668K, committed 9216K, reserved 1048576K
}
Event: 6134.846 GC heap before
{Heap before GC invocations=2880 (full 67):
 PSYoungGen      total 5120K, used 5056K [0x00000000eab00000, 0x00000000eb100000, 0x0000000100000000)
  eden space 4608K, 100% used [0x00000000eab00000,0x00000000eaf80000,0x00000000eaf80000)
  from space 512K, 87% used [0x00000000eb080000,0x00000000eb0f0000,0x00000000eb100000)
  to   space 512K, 0% used [0x00000000eb000000,0x00000000eb000000,0x00000000eb080000)
 ParOldGen       total 139264K, used 138065K [0x00000000c0000000, 0x00000000c8800000, 0x00000000eab00000)
  object space 139264K, 99% used [0x00000000c0000000,0x00000000c86d4660,0x00000000c8800000)
 Metaspace       used 88833K, committed 90048K, reserved 1130496K
  class space    used 8668K, committed 9216K, reserved 1048576K
}
Event: 6134.847 GC heap after
{Heap after GC invocations=2880 (full 67):
 PSYoungGen      total 5120K, used 484K [0x00000000eab00000, 0x00000000eb280000, 0x0000000100000000)
  eden space 4608K, 0% used [0x00000000eab00000,0x00000000eab00000,0x00000000eaf80000)
  from space 512K, 94% used [0x00000000eb000000,0x00000000eb079210,0x00000000eb080000)
  to   space 1536K, 0% used [0x00000000eb100000,0x00000000eb100000,0x00000000eb280000)
 ParOldGen       total 139264K, used 138799K [0x00000000c0000000, 0x00000000c8800000, 0x00000000eab00000)
  object space 139264K, 99% used [0x00000000c0000000,0x00000000c878bc50,0x00000000c8800000)
 Metaspace       used 88833K, committed 90048K, reserved 1130496K
  class space    used 8668K, committed 9216K, reserved 1048576K
}
Event: 6134.847 GC heap before
{Heap before GC invocations=2881 (full 68):
 PSYoungGen      total 5120K, used 484K [0x00000000eab00000, 0x00000000eb280000, 0x0000000100000000)
  eden space 4608K, 0% used [0x00000000eab00000,0x00000000eab00000,0x00000000eaf80000)
  from space 512K, 94% used [0x00000000eb000000,0x00000000eb079210,0x00000000eb080000)
  to   space 1536K, 0% used [0x00000000eb100000,0x00000000eb100000,0x00000000eb280000)
 ParOldGen       total 139264K, used 138799K [0x00000000c0000000, 0x00000000c8800000, 0x00000000eab00000)
  object space 139264K, 99% used [0x00000000c0000000,0x00000000c878bc50,0x00000000c8800000)
 Metaspace       used 88833K, committed 90048K, reserved 1130496K
  class space    used 8668K, committed 9216K, reserved 1048576K
}

